<?xml version="1.0" encoding="utf-8"?><testsuites name="pytest tests"><testsuite name="pytest" errors="0" failures="0" skipped="0" tests="149" time="4.925" timestamp="2026-03-05T21:13:11.347354-05:00" hostname="Aaroneous1"><testcase classname="tests.test_merlin_parallel_llm" name="test_dms_model_registration_when_enabled" time="2.271" /><testcase classname="tests.test_merlin_parallel_llm" name="test_call_model_normalizes_openai_compatible_usage" time="0.001" /><testcase classname="tests.test_merlin_parallel_llm" name="test_call_model_includes_rate_limit_headers_in_http_error_detail" time="0.002" /><testcase classname="tests.test_merlin_parallel_llm" name="test_routing_prefers_dms_for_long_prompt" time="0.025" /><testcase classname="tests.test_merlin_parallel_llm" name="test_fallback_when_dms_call_fails" time="0.001" /><testcase classname="tests.test_merlin_parallel_llm" name="test_short_prompt_does_not_prefer_dms" time="0.001" /><testcase classname="tests.test_merlin_parallel_llm" name="test_token_aware_bucket_can_prefer_dms_when_char_threshold_not_met" time="0.001" /><testcase classname="tests.test_merlin_parallel_llm" name="test_fast_short_lane_selects_single_preferred_model" time="0.001" /><testcase classname="tests.test_merlin_parallel_llm" name="test_parallel_router_selection_regression_corpus[short-routing-prefers-llama]" time="0.002" /><testcase classname="tests.test_merlin_parallel_llm" name="test_parallel_router_selection_regression_corpus[long-prefers-dms]" time="0.001" /><testcase classname="tests.test_merlin_parallel_llm" name="test_parallel_router_selection_regression_corpus[fast-short-lane-llama]" time="0.001" /><testcase classname="tests.test_merlin_parallel_llm" name="test_parallel_router_selection_regression_corpus[token-aware-prefers-dms]" time="0.001" /><testcase classname="tests.test_merlin_parallel_llm" name="test_parallel_router_selection_regression_corpus[uncertainty-mode-blocks-simple-long]" time="0.001" /><testcase classname="tests.test_merlin_parallel_llm" name="test_parallel_router_selection_regression_corpus[uncertainty-mode-prefers-uncertain-reasoning]" time="0.001" /><testcase classname="tests.test_merlin_parallel_llm" name="test_control_variant_skips_dms_for_ab_experiment" time="0.044" /><testcase classname="tests.test_merlin_parallel_llm" name="test_routing_strategy_early_cancels_losing_parallel_branches" time="0.001" /><testcase classname="tests.test_merlin_parallel_llm" name="test_openai_compat_payload_sends_top_level_temperature" time="0.000" /><testcase classname="tests.test_merlin_parallel_llm" name="test_openai_compatible_content_extractor_supports_alternate_shapes" time="0.000" /><testcase classname="tests.test_merlin_streaming_llm" name="test_streaming_dms_model_registration_when_enabled" time="0.000" /><testcase classname="tests.test_merlin_streaming_llm" name="test_streaming_prefers_dms_for_long_prompt" time="0.022" /><testcase classname="tests.test_merlin_streaming_llm" name="test_streaming_fallback_when_dms_call_fails" time="0.022" /><testcase classname="tests.test_merlin_streaming_llm" name="test_streaming_fallback_when_dms_stream_errors_before_content" time="0.022" /><testcase classname="tests.test_merlin_streaming_llm" name="test_streaming_short_prompt_does_not_prefer_dms" time="0.022" /><testcase classname="tests.test_merlin_streaming_llm" name="test_streaming_control_variant_skips_dms_for_ab_experiment" time="0.064" /><testcase classname="tests.test_merlin_streaming_llm" name="test_streaming_router_selection_regression_corpus[short-prefers-control]" time="0.022" /><testcase classname="tests.test_merlin_streaming_llm" name="test_streaming_router_selection_regression_corpus[long-prefers-dms]" time="0.001" /><testcase classname="tests.test_merlin_streaming_llm" name="test_streaming_router_selection_regression_corpus[token-aware-prefers-dms]" time="0.001" /><testcase classname="tests.test_merlin_streaming_llm" name="test_streaming_router_selection_regression_corpus[uncertainty-mode-blocks-simple-long]" time="0.021" /><testcase classname="tests.test_merlin_streaming_llm" name="test_streaming_router_selection_regression_corpus[uncertainty-mode-prefers-uncertain-reasoning]" time="0.001" /><testcase classname="tests.test_merlin_streaming_llm" name="test_stream_chunk_extractor_supports_alternative_shapes" time="0.000" /><testcase classname="tests.test_merlin_streaming_llm" name="test_normalize_stream_usage_prefers_nested_usage_and_details" time="0.000" /><testcase classname="tests.test_merlin_streaming_llm" name="test_normalize_stream_usage_supports_alt_openai_compat_fields" time="0.000" /><testcase classname="tests.test_merlin_streaming_llm" name="test_iter_sse_payloads_handles_comments_and_done_frames" time="0.000" /><testcase classname="tests.test_merlin_streaming_llm" name="test_iter_sse_payloads_supports_multiline_data_frames" time="0.000" /><testcase classname="tests.test_merlin_streaming_llm" name="test_iter_sse_payloads_supports_json_lines_without_data_prefix" time="0.000" /><testcase classname="tests.test_merlin_streaming_llm" name="test_iter_sse_frames_tracks_event_names" time="0.000" /><testcase classname="tests.test_merlin_streaming_llm" name="test_iter_sse_frames_ignores_malformed_and_unknown_lines" time="0.000" /><testcase classname="tests.test_merlin_streaming_llm" name="test_stream_model_stops_consuming_after_done_frame" time="0.001" /><testcase classname="tests.test_merlin_streaming_llm" name="test_stream_model_ignores_malformed_sse_lines_and_continues" time="0.001" /><testcase classname="tests.test_merlin_streaming_llm" name="test_stream_model_surfaces_sse_error_event_as_error_chunk" time="0.001" /><testcase classname="tests.test_merlin_streaming_llm" name="test_stream_model_http_error_chunk_includes_rate_limit_headers" time="0.001" /><testcase classname="tests.test_merlin_streaming_llm" name="test_stream_model_accumulates_stream_usage_events" time="0.001" /><testcase classname="tests.test_merlin_streaming_llm" name="test_stream_model_ignores_non_json_data_frames_and_continues" time="0.001" /><testcase classname="tests.test_merlin_streaming_llm" name="test_stream_model_handles_terminal_usage_only_chunk" time="0.001" /><testcase classname="tests.test_merlin_adaptive_llm" name="test_query_context_analyze_detects_code_complexity_and_urgency" time="0.000" /><testcase classname="tests.test_merlin_adaptive_llm" name="test_model_metrics_records_requests_and_task_rates" time="0.000" /><testcase classname="tests.test_merlin_adaptive_llm" name="test_adaptive_routing_prefers_higher_scored_model" time="0.008" /><testcase classname="tests.test_merlin_adaptive_llm" name="test_consensus_strategy_falls_back_to_voting" time="0.005" /><testcase classname="tests.test_merlin_adaptive_llm" name="test_chat_completion_stream_mode_short_circuits" time="0.005" /><testcase classname="tests.test_merlin_adaptive_llm" name="test_call_model_normalizes_openai_compatible_usage" time="0.005" /><testcase classname="tests.test_merlin_adaptive_llm" name="test_call_model_includes_rate_limit_headers_in_http_error_detail" time="0.004" /><testcase classname="tests.test_merlin_adaptive_llm" name="test_safety_precheck_blocks_high_risk_prompt_in_safe_mode" time="0.004" /><testcase classname="tests.test_merlin_adaptive_llm" name="test_safety_precheck_allows_prompt_in_live_mode" time="0.004" /><testcase classname="tests.test_merlin_adaptive_llm" name="test_provide_feedback_updates_status_metrics" time="0.004" /><testcase classname="tests.test_merlin_adaptive_llm" name="test_quality_hook_can_override_quality_score" time="0.004" /><testcase classname="tests.test_merlin_adaptive_llm" name="test_dms_model_registration_when_enabled" time="0.006" /><testcase classname="tests.test_merlin_adaptive_llm" name="test_routing_prefers_dms_for_long_prompt" time="0.004" /><testcase classname="tests.test_merlin_adaptive_llm" name="test_control_variant_skips_dms_for_ab_experiment" time="0.005" /><testcase classname="tests.test_merlin_adaptive_llm" name="test_fallback_when_dms_call_fails" time="0.004" /><testcase classname="tests.test_merlin_adaptive_llm" name="test_dms_error_budget_blocks_after_repeated_failures" time="0.008" /><testcase classname="tests.test_merlin_adaptive_llm" name="test_dms_error_budget_reenables_after_cooldown" time="0.007" /><testcase classname="tests.test_merlin_adaptive_llm" name="test_dms_quality_autopause_blocks_after_low_quality_scores" time="0.006" /><testcase classname="tests.test_merlin_adaptive_llm" name="test_short_prompt_does_not_prefer_dms" time="0.004" /><testcase classname="tests.test_merlin_adaptive_llm" name="test_sensitive_task_guardrail_blocks_general_long_prompt" time="0.005" /><testcase classname="tests.test_merlin_adaptive_llm" name="test_shadow_validation_runs_dms_without_changing_control_selection" time="0.005" /><testcase classname="tests.test_merlin_adaptive_llm" name="test_token_aware_bucket_can_prefer_dms_when_char_threshold_not_met" time="0.005" /><testcase classname="tests.test_merlin_adaptive_llm" name="test_uncertainty_routing_blocks_simple_long_prompt" time="0.005" /><testcase classname="tests.test_merlin_adaptive_llm" name="test_fast_short_lane_selects_single_preferred_model" time="0.004" /><testcase classname="tests.test_merlin_adaptive_llm" name="test_adaptive_router_selection_regression_corpus[short-fastest-non-dms]" time="0.005" /><testcase classname="tests.test_merlin_adaptive_llm" name="test_adaptive_router_selection_regression_corpus[long-prefers-dms]" time="0.004" /><testcase classname="tests.test_merlin_adaptive_llm" name="test_adaptive_router_selection_regression_corpus[fast-short-lane-llama]" time="0.004" /><testcase classname="tests.test_merlin_adaptive_llm" name="test_adaptive_router_selection_regression_corpus[token-aware-prefers-dms]" time="0.005" /><testcase classname="tests.test_merlin_adaptive_llm" name="test_adaptive_router_selection_regression_corpus[uncertainty-mode-blocks-simple-long]" time="0.006" /><testcase classname="tests.test_merlin_adaptive_llm" name="test_adaptive_router_selection_regression_corpus[uncertainty-mode-prefers-uncertain-reasoning]" time="0.004" /><testcase classname="tests.test_merlin_adaptive_llm" name="test_openai_compat_payload_sends_top_level_temperature" time="0.000" /><testcase classname="tests.test_merlin_adaptive_llm" name="test_openai_compatible_content_extractor_supports_alternate_shapes" time="0.000" /><testcase classname="tests.test_merlin_routing_contract" name="test_build_routing_decision_has_normalized_fields" time="0.000" /><testcase classname="tests.test_merlin_routing_contract" name="test_build_routing_decision_trace_fields_are_deterministic_for_normalized_query" time="0.000" /><testcase classname="tests.test_merlin_routing_contract" name="test_build_routing_decision_uses_runtime_maturity_settings" time="0.000" /><testcase classname="tests.test_merlin_routing_contract" name="test_classify_dms_fallback_reason_maps_known_errors[connection timeout-dms_timeout]" time="0.000" /><testcase classname="tests.test_merlin_routing_contract" name="test_classify_dms_fallback_reason_maps_known_errors[HTTP 429 too many requests-dms_rate_limited]" time="0.000" /><testcase classname="tests.test_merlin_routing_contract" name="test_classify_dms_fallback_reason_maps_known_errors[503 service unavailable-dms_http_5xx]" time="0.000" /><testcase classname="tests.test_merlin_routing_contract" name="test_classify_dms_fallback_reason_maps_known_errors[JSONDecodeError: expecting value-dms_parse_error]" time="0.001" /><testcase classname="tests.test_merlin_routing_contract" name="test_classify_dms_fallback_reason_maps_known_errors[401 unauthorized-dms_auth_error]" time="0.000" /><testcase classname="tests.test_merlin_routing_contract" name="test_classify_dms_fallback_reason_maps_known_errors[403 forbidden-dms_auth_error]" time="0.000" /><testcase classname="tests.test_merlin_routing_contract" name="test_classify_dms_fallback_reason_maps_known_errors[connection reset by peer-dms_transport_error]" time="0.000" /><testcase classname="tests.test_merlin_routing_contract" name="test_classify_dms_fallback_reason_maps_known_errors[max retries exceeded-dms_transport_error]" time="0.000" /><testcase classname="tests.test_merlin_routing_contract" name="test_classify_dms_fallback_reason_maps_known_errors[unexpected payload structure-dms_error]" time="0.000" /><testcase classname="tests.test_merlin_routing_contract" name="test_apply_dms_fallback_sets_legacy_and_normalized_fields" time="0.000" /><testcase classname="tests.test_merlin_routing_contract" name="test_enrich_error_with_rate_limit_headers_appends_known_headers" time="0.000" /><testcase classname="tests.test_merlin_routing_contract" name="test_enrich_error_with_rate_limit_headers_noop_when_headers_missing" time="0.000" /><testcase classname="tests.test_merlin_routing_contract" name="test_fallback_reason_enum_matches_public_sets" time="0.000" /><testcase classname="tests.test_merlin_routing_contract" name="test_fallback_reason_count_template_contains_all_codes" time="0.000" /><testcase classname="tests.test_merlin_routing_contract" name="test_is_retryable_fallback_reason_matches_known_partition" time="0.000" /><testcase classname="tests.test_merlin_routing_contract" name="test_prompt_size_bucket_uses_shared_threshold_policy" time="0.000" /><testcase classname="tests.test_merlin_routing_contract" name="test_prompt_size_bucket_token_aware_mode" time="0.000" /><testcase classname="tests.test_merlin_routing_contract" name="test_resolve_query_prompt_bucket_returns_bucket_and_optional_tokens" time="0.000" /><testcase classname="tests.test_merlin_routing_contract" name="test_normalize_task_type_allowlist_normalizes_and_filters_values" time="0.000" /><testcase classname="tests.test_merlin_routing_contract" name="test_normalize_openai_usage_payload_normalizes_supported_fields" time="0.000" /><testcase classname="tests.test_merlin_routing_contract" name="test_normalize_openai_usage_payload_returns_empty_when_missing_or_zero" time="0.000" /><testcase classname="tests.test_merlin_routing_contract" name="test_coerce_usage_normalized_filters_invalid_payloads_and_recomputes_totals" time="0.000" /><testcase classname="tests.test_merlin_routing_contract" name="test_normalize_openai_usage_payload_supports_optional_top_level_fallbacks" time="0.000" /><testcase classname="tests.test_merlin_routing_contract" name="test_normalize_openai_usage_payload_can_return_zero_fields_when_requested" time="0.000" /><testcase classname="tests.test_merlin_routing_contract" name="test_extract_openai_compatible_content_handles_supported_payload_shapes[payload0-msg]" time="0.001" /><testcase classname="tests.test_merlin_routing_contract" name="test_extract_openai_compatible_content_handles_supported_payload_shapes[payload1-top-text]" time="0.000" /><testcase classname="tests.test_merlin_routing_contract" name="test_extract_openai_compatible_content_handles_supported_payload_shapes[payload2-top-content]" time="0.000" /><testcase classname="tests.test_merlin_routing_contract" name="test_extract_openai_compatible_content_handles_supported_payload_shapes[payload3-choice-msg]" time="0.000" /><testcase classname="tests.test_merlin_routing_contract" name="test_extract_openai_compatible_content_handles_supported_payload_shapes[payload4-choice-text]" time="0.000" /><testcase classname="tests.test_merlin_routing_contract" name="test_extract_openai_compatible_content_handles_supported_payload_shapes[payload5-42]" time="0.000" /><testcase classname="tests.test_merlin_routing_contract" name="test_extract_openai_compatible_content_handles_supported_payload_shapes[payload6-]" time="0.000" /><testcase classname="tests.test_merlin_routing_contract" name="test_extract_openai_compatible_content_handles_supported_payload_shapes[scalar-scalar]" time="0.000" /><testcase classname="tests.test_merlin_routing_contract" name="test_should_prefer_dms_route_from_settings_respects_context_allowlist" time="0.000" /><testcase classname="tests.test_merlin_routing_contract" name="test_estimate_prompt_tokens_returns_non_zero_for_non_empty_text" time="0.000" /><testcase classname="tests.test_merlin_routing_contract" name="test_normalize_provider_chat_payload_preserves_choice_message_shape" time="0.000" /><testcase classname="tests.test_merlin_routing_contract" name="test_normalize_provider_chat_payload_coerces_noncanonical_shapes[payload0-legacy-top_level_text]" time="0.000" /><testcase classname="tests.test_merlin_routing_contract" name="test_normalize_provider_chat_payload_coerces_noncanonical_shapes[payload1-top-top_level_content]" time="0.000" /><testcase classname="tests.test_merlin_routing_contract" name="test_normalize_provider_chat_payload_coerces_noncanonical_shapes[payload2-choice text-choices_text]" time="0.000" /><testcase classname="tests.test_merlin_routing_contract" name="test_normalize_provider_chat_payload_coerces_noncanonical_shapes[payload3-hf output-list_generated_text]" time="0.000" /><testcase classname="tests.test_merlin_routing_contract" name="test_deterministic_source_id_is_stable_for_same_path" time="0.000" /><testcase classname="tests.test_merlin_routing_contract" name="test_normalize_rag_citations_builds_deterministic_source_ids" time="0.000" /><testcase classname="tests.test_merlin_routing_contract" name="test_preflight_prompt_messages_warns_when_near_token_limit" time="0.000" /><testcase classname="tests.test_merlin_routing_contract" name="test_preflight_prompt_messages_truncates_when_over_limit" time="0.000" /><testcase classname="tests.test_merlin_routing_contract" name="test_reasoning_query_match_respects_allowed_task_types" time="0.000" /><testcase classname="tests.test_merlin_routing_contract" name="test_should_prefer_dms_route_supports_context_and_query_modes" time="0.000" /><testcase classname="tests.test_merlin_routing_contract" name="test_should_prefer_dms_route_context_allowlist_guardrail_blocks_disallowed_type" time="0.000" /><testcase classname="tests.test_merlin_routing_contract" name="test_should_prefer_dms_route_context_allowlist_guardrail_allows_matching_type" time="0.000" /><testcase classname="tests.test_merlin_routing_contract" name="test_should_prefer_dms_route_supports_token_aware_mode" time="0.000" /><testcase classname="tests.test_merlin_routing_contract" name="test_should_prefer_dms_route_uncertainty_mode_blocks_simple_long_prompt" time="0.000" /><testcase classname="tests.test_merlin_routing_contract" name="test_should_prefer_dms_route_uncertainty_mode_prefers_uncertain_reasoning" time="0.000" /><testcase classname="tests.test_merlin_routing_contract" name="test_should_prefer_dms_route_uncertainty_threshold_clamps_lower_bound" time="0.000" /><testcase classname="tests.test_merlin_routing_contract" name="test_should_prefer_dms_route_uncertainty_threshold_clamps_upper_bound" time="0.000" /><testcase classname="tests.test_merlin_routing_contract" name="test_should_prefer_dms_route_uncertainty_mode_context_high_only_is_not_enough" time="0.000" /><testcase classname="tests.test_merlin_routing_contract" name="test_should_prefer_dms_route_uncertainty_mode_context_plus_reasoning_can_pass" time="0.000" /><testcase classname="tests.test_merlin_routing_contract" name="test_should_prefer_dms_route_uncertainty_threshold_is_inclusive_at_boundary" time="0.000" /><testcase classname="tests.test_merlin_routing_contract" name="test_should_prefer_dms_route_uncertainty_threshold_rejects_above_boundary" time="0.000" /><testcase classname="tests.test_merlin_routing_contract" name="test_select_dms_ab_variant_deterministic_with_assignment_key" time="0.000" /><testcase classname="tests.test_merlin_routing_contract" name="test_select_dms_ab_variant_handles_disabled_and_bounds" time="0.000" /><testcase classname="tests.test_merlin_routing_contract" name="test_deterministic_ab_bucket_is_stable" time="0.000" /><testcase classname="tests.test_merlin_routing_contract" name="test_validate_routing_decision_metadata_passes_for_contract_shape" time="0.000" /><testcase classname="tests.test_merlin_routing_contract" name="test_validate_routing_decision_metadata_rejects_invalid_reason_code" time="0.000" /><testcase classname="tests.test_merlin_routing_contract" name="test_validate_routing_decision_metadata_rejects_missing_required_fields" time="0.000" /><testcase classname="tests.test_merlin_routing_contract" name="test_validate_routing_decision_metadata_rejects_wrong_types" time="0.000" /><testcase classname="tests.test_merlin_routing_contract" name="test_validate_routing_decision_metadata_rejects_invalid_maturity_fields" time="0.000" /><testcase classname="tests.test_merlin_routing_contract" name="test_validate_routing_decision_metadata_rejects_version_mismatch" time="0.000" /><testcase classname="tests.test_merlin_routing_contract" name="test_validate_routing_decision_metadata_rejects_invalid_trace_fields" time="0.000" /><testcase classname="tests.test_merlin_routing_contract" name="test_routing_metadata_fixture_matches_schema_fragment" time="0.003" /><testcase classname="tests.test_merlin_routing_contract" name="test_routing_metadata_in_expected_response_matches_schema_fragment" time="0.003" /><testcase classname="tests.test_merlin_routing_contract" name="test_routing_metadata_schema_rejects_invalid_fallback_reason_code" time="0.003" /><testcase classname="tests.test_merlin_routing_contract" name="test_routing_metadata_schema_requires_full_contract_shape" time="0.004" /></testsuite></testsuites>