<?xml version="1.0" encoding="utf-8"?><testsuites name="pytest tests"><testsuite name="pytest" errors="0" failures="0" skipped="0" tests="104" time="8.849" timestamp="2026-03-05T21:12:58.870052-05:00" hostname="Aaroneous1"><testcase classname="tests.test_contract_schemas" name="test_operation_request_fixtures_match_operation_envelope_schema" time="0.184" /><testcase classname="tests.test_contract_schemas" name="test_routing_metadata_schema_fragment_matches_embedded_envelope_definition" time="0.004" /><testcase classname="tests.test_contract_schemas" name="test_cp4a_smoke_baseline_is_well_formed" time="0.003" /><testcase classname="tests.test_contract_schemas" name="test_cp4a_smoke_evidence_fixture_matches_schema_contract" time="0.005" /><testcase classname="tests.test_contract_schemas" name="test_chat_with_metadata_expected_fixture_materializes_valid_operation_envelope" time="0.006" /><testcase classname="tests.test_contract_schemas" name="test_supported_operations_have_request_fixtures" time="0.168" /><testcase classname="tests.test_contract_schemas" name="test_operation_capabilities_matches_manifest_schema" time="0.006" /><testcase classname="tests.test_contract_schemas" name="test_operation_response_success_matches_operation_envelope_schema" time="0.006" /><testcase classname="tests.test_contract_schemas" name="test_operation_response_error_matches_operation_envelope_schema" time="0.007" /><testcase classname="tests.test_contract_schemas" name="test_operation_response_chat_with_metadata_matches_embedded_schema" time="0.008" /><testcase classname="tests.test_contract_schemas" name="test_operation_response_chat_with_invalid_metadata_fails_embedded_schema" time="0.009" /><testcase classname="tests.test_merlin_routing_contract" name="test_build_routing_decision_has_normalized_fields" time="0.000" /><testcase classname="tests.test_merlin_routing_contract" name="test_build_routing_decision_trace_fields_are_deterministic_for_normalized_query" time="0.000" /><testcase classname="tests.test_merlin_routing_contract" name="test_build_routing_decision_uses_runtime_maturity_settings" time="0.000" /><testcase classname="tests.test_merlin_routing_contract" name="test_classify_dms_fallback_reason_maps_known_errors[connection timeout-dms_timeout]" time="0.000" /><testcase classname="tests.test_merlin_routing_contract" name="test_classify_dms_fallback_reason_maps_known_errors[HTTP 429 too many requests-dms_rate_limited]" time="0.000" /><testcase classname="tests.test_merlin_routing_contract" name="test_classify_dms_fallback_reason_maps_known_errors[503 service unavailable-dms_http_5xx]" time="0.000" /><testcase classname="tests.test_merlin_routing_contract" name="test_classify_dms_fallback_reason_maps_known_errors[JSONDecodeError: expecting value-dms_parse_error]" time="0.000" /><testcase classname="tests.test_merlin_routing_contract" name="test_classify_dms_fallback_reason_maps_known_errors[401 unauthorized-dms_auth_error]" time="0.000" /><testcase classname="tests.test_merlin_routing_contract" name="test_classify_dms_fallback_reason_maps_known_errors[403 forbidden-dms_auth_error]" time="0.000" /><testcase classname="tests.test_merlin_routing_contract" name="test_classify_dms_fallback_reason_maps_known_errors[connection reset by peer-dms_transport_error]" time="0.000" /><testcase classname="tests.test_merlin_routing_contract" name="test_classify_dms_fallback_reason_maps_known_errors[max retries exceeded-dms_transport_error]" time="0.000" /><testcase classname="tests.test_merlin_routing_contract" name="test_classify_dms_fallback_reason_maps_known_errors[unexpected payload structure-dms_error]" time="0.000" /><testcase classname="tests.test_merlin_routing_contract" name="test_apply_dms_fallback_sets_legacy_and_normalized_fields" time="0.000" /><testcase classname="tests.test_merlin_routing_contract" name="test_enrich_error_with_rate_limit_headers_appends_known_headers" time="0.000" /><testcase classname="tests.test_merlin_routing_contract" name="test_enrich_error_with_rate_limit_headers_noop_when_headers_missing" time="0.000" /><testcase classname="tests.test_merlin_routing_contract" name="test_fallback_reason_enum_matches_public_sets" time="0.000" /><testcase classname="tests.test_merlin_routing_contract" name="test_fallback_reason_count_template_contains_all_codes" time="0.000" /><testcase classname="tests.test_merlin_routing_contract" name="test_is_retryable_fallback_reason_matches_known_partition" time="0.000" /><testcase classname="tests.test_merlin_routing_contract" name="test_prompt_size_bucket_uses_shared_threshold_policy" time="0.000" /><testcase classname="tests.test_merlin_routing_contract" name="test_prompt_size_bucket_token_aware_mode" time="0.000" /><testcase classname="tests.test_merlin_routing_contract" name="test_resolve_query_prompt_bucket_returns_bucket_and_optional_tokens" time="0.000" /><testcase classname="tests.test_merlin_routing_contract" name="test_normalize_task_type_allowlist_normalizes_and_filters_values" time="0.000" /><testcase classname="tests.test_merlin_routing_contract" name="test_normalize_openai_usage_payload_normalizes_supported_fields" time="0.000" /><testcase classname="tests.test_merlin_routing_contract" name="test_normalize_openai_usage_payload_returns_empty_when_missing_or_zero" time="0.000" /><testcase classname="tests.test_merlin_routing_contract" name="test_coerce_usage_normalized_filters_invalid_payloads_and_recomputes_totals" time="0.000" /><testcase classname="tests.test_merlin_routing_contract" name="test_normalize_openai_usage_payload_supports_optional_top_level_fallbacks" time="0.000" /><testcase classname="tests.test_merlin_routing_contract" name="test_normalize_openai_usage_payload_can_return_zero_fields_when_requested" time="0.000" /><testcase classname="tests.test_merlin_routing_contract" name="test_extract_openai_compatible_content_handles_supported_payload_shapes[payload0-msg]" time="0.000" /><testcase classname="tests.test_merlin_routing_contract" name="test_extract_openai_compatible_content_handles_supported_payload_shapes[payload1-top-text]" time="0.000" /><testcase classname="tests.test_merlin_routing_contract" name="test_extract_openai_compatible_content_handles_supported_payload_shapes[payload2-top-content]" time="0.000" /><testcase classname="tests.test_merlin_routing_contract" name="test_extract_openai_compatible_content_handles_supported_payload_shapes[payload3-choice-msg]" time="0.000" /><testcase classname="tests.test_merlin_routing_contract" name="test_extract_openai_compatible_content_handles_supported_payload_shapes[payload4-choice-text]" time="0.000" /><testcase classname="tests.test_merlin_routing_contract" name="test_extract_openai_compatible_content_handles_supported_payload_shapes[payload5-42]" time="0.000" /><testcase classname="tests.test_merlin_routing_contract" name="test_extract_openai_compatible_content_handles_supported_payload_shapes[payload6-]" time="0.000" /><testcase classname="tests.test_merlin_routing_contract" name="test_extract_openai_compatible_content_handles_supported_payload_shapes[scalar-scalar]" time="0.000" /><testcase classname="tests.test_merlin_routing_contract" name="test_should_prefer_dms_route_from_settings_respects_context_allowlist" time="0.000" /><testcase classname="tests.test_merlin_routing_contract" name="test_estimate_prompt_tokens_returns_non_zero_for_non_empty_text" time="0.000" /><testcase classname="tests.test_merlin_routing_contract" name="test_normalize_provider_chat_payload_preserves_choice_message_shape" time="0.000" /><testcase classname="tests.test_merlin_routing_contract" name="test_normalize_provider_chat_payload_coerces_noncanonical_shapes[payload0-legacy-top_level_text]" time="0.000" /><testcase classname="tests.test_merlin_routing_contract" name="test_normalize_provider_chat_payload_coerces_noncanonical_shapes[payload1-top-top_level_content]" time="0.000" /><testcase classname="tests.test_merlin_routing_contract" name="test_normalize_provider_chat_payload_coerces_noncanonical_shapes[payload2-choice text-choices_text]" time="0.000" /><testcase classname="tests.test_merlin_routing_contract" name="test_normalize_provider_chat_payload_coerces_noncanonical_shapes[payload3-hf output-list_generated_text]" time="0.000" /><testcase classname="tests.test_merlin_routing_contract" name="test_deterministic_source_id_is_stable_for_same_path" time="0.000" /><testcase classname="tests.test_merlin_routing_contract" name="test_normalize_rag_citations_builds_deterministic_source_ids" time="0.000" /><testcase classname="tests.test_merlin_routing_contract" name="test_preflight_prompt_messages_warns_when_near_token_limit" time="0.000" /><testcase classname="tests.test_merlin_routing_contract" name="test_preflight_prompt_messages_truncates_when_over_limit" time="0.000" /><testcase classname="tests.test_merlin_routing_contract" name="test_reasoning_query_match_respects_allowed_task_types" time="0.000" /><testcase classname="tests.test_merlin_routing_contract" name="test_should_prefer_dms_route_supports_context_and_query_modes" time="0.000" /><testcase classname="tests.test_merlin_routing_contract" name="test_should_prefer_dms_route_context_allowlist_guardrail_blocks_disallowed_type" time="0.000" /><testcase classname="tests.test_merlin_routing_contract" name="test_should_prefer_dms_route_context_allowlist_guardrail_allows_matching_type" time="0.000" /><testcase classname="tests.test_merlin_routing_contract" name="test_should_prefer_dms_route_supports_token_aware_mode" time="0.000" /><testcase classname="tests.test_merlin_routing_contract" name="test_should_prefer_dms_route_uncertainty_mode_blocks_simple_long_prompt" time="0.000" /><testcase classname="tests.test_merlin_routing_contract" name="test_should_prefer_dms_route_uncertainty_mode_prefers_uncertain_reasoning" time="0.000" /><testcase classname="tests.test_merlin_routing_contract" name="test_should_prefer_dms_route_uncertainty_threshold_clamps_lower_bound" time="0.000" /><testcase classname="tests.test_merlin_routing_contract" name="test_should_prefer_dms_route_uncertainty_threshold_clamps_upper_bound" time="0.000" /><testcase classname="tests.test_merlin_routing_contract" name="test_should_prefer_dms_route_uncertainty_mode_context_high_only_is_not_enough" time="0.000" /><testcase classname="tests.test_merlin_routing_contract" name="test_should_prefer_dms_route_uncertainty_mode_context_plus_reasoning_can_pass" time="0.000" /><testcase classname="tests.test_merlin_routing_contract" name="test_should_prefer_dms_route_uncertainty_threshold_is_inclusive_at_boundary" time="0.000" /><testcase classname="tests.test_merlin_routing_contract" name="test_should_prefer_dms_route_uncertainty_threshold_rejects_above_boundary" time="0.000" /><testcase classname="tests.test_merlin_routing_contract" name="test_select_dms_ab_variant_deterministic_with_assignment_key" time="0.000" /><testcase classname="tests.test_merlin_routing_contract" name="test_select_dms_ab_variant_handles_disabled_and_bounds" time="0.000" /><testcase classname="tests.test_merlin_routing_contract" name="test_deterministic_ab_bucket_is_stable" time="0.000" /><testcase classname="tests.test_merlin_routing_contract" name="test_validate_routing_decision_metadata_passes_for_contract_shape" time="0.000" /><testcase classname="tests.test_merlin_routing_contract" name="test_validate_routing_decision_metadata_rejects_invalid_reason_code" time="0.000" /><testcase classname="tests.test_merlin_routing_contract" name="test_validate_routing_decision_metadata_rejects_missing_required_fields" time="0.000" /><testcase classname="tests.test_merlin_routing_contract" name="test_validate_routing_decision_metadata_rejects_wrong_types" time="0.000" /><testcase classname="tests.test_merlin_routing_contract" name="test_validate_routing_decision_metadata_rejects_invalid_maturity_fields" time="0.000" /><testcase classname="tests.test_merlin_routing_contract" name="test_validate_routing_decision_metadata_rejects_version_mismatch" time="0.000" /><testcase classname="tests.test_merlin_routing_contract" name="test_validate_routing_decision_metadata_rejects_invalid_trace_fields" time="0.000" /><testcase classname="tests.test_merlin_routing_contract" name="test_routing_metadata_fixture_matches_schema_fragment" time="0.003" /><testcase classname="tests.test_merlin_routing_contract" name="test_routing_metadata_in_expected_response_matches_schema_fragment" time="0.003" /><testcase classname="tests.test_merlin_routing_contract" name="test_routing_metadata_schema_rejects_invalid_fallback_reason_code" time="0.003" /><testcase classname="tests.test_merlin_routing_contract" name="test_routing_metadata_schema_requires_full_contract_shape" time="0.003" /><testcase classname="tests.test_export_cp4a_smoke_evidence" name="test_export_cp4a_smoke_evidence_passes_with_valid_inputs" time="0.091" /><testcase classname="tests.test_export_cp4a_smoke_evidence" name="test_export_cp4a_smoke_evidence_fails_when_required_signature_missing" time="0.085" /><testcase classname="tests.test_export_cp4a_smoke_evidence" name="test_export_cp4a_smoke_evidence_is_timing_insensitive_for_totals" time="0.088" /><testcase classname="tests.test_verify_cp4a_smoke_evidence_schema" name="test_verify_cp4a_smoke_evidence_schema_passes_for_valid_evidence" time="0.444" /><testcase classname="tests.test_verify_cp4a_smoke_evidence_schema" name="test_verify_cp4a_smoke_evidence_schema_fails_when_required_field_missing" time="0.457" /><testcase classname="tests.test_verify_cp4a_smoke_evidence_schema" name="test_verify_cp4a_smoke_evidence_schema_fails_when_pass_status_has_failures" time="0.463" /><testcase classname="tests.test_sync_contract_schemas" name="test_sync_check_passes_when_schemas_are_in_sync" time="0.084" /><testcase classname="tests.test_sync_contract_schemas" name="test_sync_check_fails_on_schema_drift" time="0.091" /><testcase classname="tests.test_sync_contract_schemas" name="test_sync_write_repairs_embedded_schema" time="0.167" /><testcase classname="tests.test_sync_contract_schemas" name="test_sync_precommit_mode_passes_when_in_sync" time="0.087" /><testcase classname="tests.test_sync_contract_schemas" name="test_sync_precommit_mode_fails_when_out_of_sync" time="0.080" /><testcase classname="tests.test_verify_junit_totals" name="test_verify_junit_totals_passes_with_valid_counts" time="0.084" /><testcase classname="tests.test_verify_junit_totals" name="test_verify_junit_totals_fails_on_failures" time="0.078" /><testcase classname="tests.test_verify_junit_totals" name="test_verify_junit_totals_fails_when_expected_count_mismatch" time="0.081" /><testcase classname="tests.test_verify_routing_taxonomy_sync" name="test_verify_routing_taxonomy_sync_passes_with_repo_schema" time="0.099" /><testcase classname="tests.test_verify_routing_taxonomy_sync" name="test_verify_routing_taxonomy_sync_fails_when_reason_code_enum_drifts" time="0.097" /><testcase classname="tests.test_verify_routing_taxonomy_sync" name="test_verify_routing_taxonomy_sync_fails_when_retryable_partition_drifts" time="0.104" /><testcase classname="tests.test_verify_smoke_log_signatures" name="test_verify_smoke_log_signatures_passes_with_required_signatures_and_artifacts" time="0.074" /><testcase classname="tests.test_verify_smoke_log_signatures" name="test_verify_smoke_log_signatures_fails_when_summary_signature_is_missing" time="0.077" /><testcase classname="tests.test_verify_smoke_log_signatures" name="test_verify_smoke_log_signatures_fails_when_required_artifact_is_empty" time="0.081" /></testsuite></testsuites>